<?xml version="1.0" encoding="utf-8"?><testsuites name="pytest tests"><testsuite name="pytest" errors="0" failures="0" skipped="2" tests="3" time="150.166" timestamp="2026-05-26T13:17:47.673788+00:00" hostname="tollgate-run-20260526t131013z-feat-ne"><testcase classname="tests.api.test_visual_happy_path" name="test_visual_happy_path" time="67.956"><skipped type="pytest.skip" message="cashu mint unavailable: mint() timed out after 60s">/opt/tollgate-venv/lib/python3.10/site-packages/pluggy/_callers.py:53: cashu mint unavailable: mint() timed out after 60s</skipped></testcase><testcase classname="tests.api.test_visual_happy_path" name="test_visual_time_metering_expiry" time="59.734" /><testcase classname="tests.api.test_visual_happy_path" name="test_visual_data_metering_cutoff" time="1.744"><skipped type="pytest.skip" message="data metering cutoff requires physical network (nftables byte counting)">/opt/tollgate-test/tests/api/test_visual_happy_path.py:210: data metering cutoff requires physical network (nftables byte counting)</skipped></testcase></testsuite></testsuites>