<?xml version="1.0" encoding="utf-8"?><testsuites name="pytest tests"><testsuite name="pytest" errors="0" failures="0" skipped="26" tests="30" time="104.200" timestamp="2026-05-26T13:26:00.335660+00:00" hostname="tollgate-run-20260526t131013z-feat-ne"><testcase classname="tests.scenarios.test_captive_portal_browser" name="test_portal_no_bare_zero_literals" time="1.750"><skipped type="pytest.skip" message="Portal at http://localhost:80/splash.html returned empty HTML — nodogsplash may not serve splash.html without a preauthenticated client">/opt/tollgate-test/tests/scenarios/test_captive_portal_browser.py:43: Portal at http://localhost:80/splash.html returned empty HTML — nodogsplash may not serve splash.html without a preauthenticated client</skipped></testcase><testcase classname="tests.scenarios.test_captive_portal_browser" name="test_api_returns_valid_advertisement" time="0.229" /><testcase classname="tests.scenarios.test_captive_portal_browser" name="test_degraded_mode_shows_error" time="0.231"><skipped type="pytest.skip" message="Backend is not in degraded mode — cannot test degraded portal rendering">/opt/tollgate-test/tests/scenarios/test_captive_portal_browser.py:141: Backend is not in degraded mode — cannot test degraded portal rendering</skipped></testcase><testcase classname="tests.scenarios.test_captive_portal_browser" name="test_degraded_mode_hides_payment" time="0.247"><skipped type="pytest.skip" message="Backend is not in degraded mode — cannot test payment hiding">/opt/tollgate-test/tests/scenarios/test_captive_portal_browser.py:170: Backend is not in degraded mode — cannot test payment hiding</skipped></testcase><testcase classname="tests.scenarios.test_captive_portal_browser" name="test_portal_has_cashu_input" time="0.245"><skipped type="pytest.skip" message="Portal at http://localhost:80/splash.html returned empty HTML — nodogsplash may not serve splash.html without a preauthenticated client">/opt/tollgate-test/tests/scenarios/test_captive_portal_browser.py:43: Portal at http://localhost:80/splash.html returned empty HTML — nodogsplash may not serve splash.html without a preauthenticated client</skipped></testcase><testcase classname="tests.scenarios.test_captive_portal_browser" name="test_portal_has_lightning_input" time="0.254"><skipped type="pytest.skip" message="Portal at http://localhost:80/splash.html returned empty HTML — nodogsplash may not serve splash.html without a preauthenticated client">/opt/tollgate-test/tests/scenarios/test_captive_portal_browser.py:43: Portal at http://localhost:80/splash.html returned empty HTML — nodogsplash may not serve splash.html without a preauthenticated client</skipped></testcase><testcase classname="tests.scenarios.test_captive_portal_browser" name="test_portal_has_mint_options" time="0.250"><skipped type="pytest.skip" message="Portal at http://localhost:80/splash.html returned empty HTML — nodogsplash may not serve splash.html without a preauthenticated client">/opt/tollgate-test/tests/scenarios/test_captive_portal_browser.py:43: Portal at http://localhost:80/splash.html returned empty HTML — nodogsplash may not serve splash.html without a preauthenticated client</skipped></testcase><testcase classname="tests.scenarios.test_mint_health" name="test_block_mint_via_hosts" time="0.245"><skipped type="pytest.skip" message="no degraded mode support detected">/opt/tollgate-test/tests/scenarios/test_mint_health.py:53: no degraded mode support detected</skipped></testcase><testcase classname="tests.scenarios.test_mint_health" name="test_restart_into_degraded_mode" time="0.244"><skipped type="pytest.skip" message="no degraded mode support detected">/opt/tollgate-test/tests/scenarios/test_mint_health.py:53: no degraded mode support detected</skipped></testcase><testcase classname="tests.scenarios.test_mint_health" name="test_offline_wallet_operations" time="0.247"><skipped type="pytest.skip" message="no degraded mode support detected">/opt/tollgate-test/tests/scenarios/test_mint_health.py:53: no degraded mode support detected</skipped></testcase><testcase classname="tests.scenarios.test_mint_health" name="test_unblock_mint" time="0.242"><skipped type="pytest.skip" message="no degraded mode support detected">/opt/tollgate-test/tests/scenarios/test_mint_health.py:53: no degraded mode support detected</skipped></testcase><testcase classname="tests.scenarios.test_mint_health" name="test_recovery_to_full_merchant" time="0.246"><skipped type="pytest.skip" message="no degraded mode support detected">/opt/tollgate-test/tests/scenarios/test_mint_health.py:53: no degraded mode support detected</skipped></testcase><testcase classname="tests.scenarios.test_mint_health" name="test_full_degraded_lifecycle" time="0.255"><skipped type="pytest.skip" message="no degraded mode support detected">/opt/tollgate-test/tests/scenarios/test_mint_health.py:53: no degraded mode support detected</skipped></testcase><testcase classname="tests.scenarios.test_mint_health" name="test_first_boot_offline" time="0.246"><skipped type="pytest.skip" message="no degraded mode support detected">/opt/tollgate-test/tests/scenarios/test_mint_health.py:53: no degraded mode support detected</skipped></testcase><testcase classname="tests.scenarios.test_mint_health" name="test_default_mints_configured" time="0.237" /><testcase classname="tests.scenarios.test_mint_health" name="test_no_configured_mints" time="0.240"><skipped type="pytest.skip" message="no degraded mode support detected">/opt/tollgate-test/tests/scenarios/test_mint_health.py:53: no degraded mode support detected</skipped></testcase><testcase classname="tests.scenarios.test_boot_hygiene" name="test_startup_hygiene_auto_switch" time="0.244"><skipped type="pytest.skip" message="no degraded mode support detected">/opt/tollgate-test/tests/scenarios/test_boot_hygiene.py:43: no degraded mode support detected</skipped></testcase><testcase classname="tests.scenarios.test_boot_hygiene" name="test_startup_hygiene_dead_only" time="0.234"><skipped type="pytest.skip" message="no degraded mode support detected">/opt/tollgate-test/tests/scenarios/test_boot_hygiene.py:43: no degraded mode support detected</skipped></testcase><testcase classname="tests.scenarios.test_boot_hygiene" name="test_degraded_recovery_no_restart" time="0.274"><skipped type="pytest.skip" message="no degraded mode support detected">/opt/tollgate-test/tests/scenarios/test_boot_hygiene.py:43: no degraded mode support detected</skipped></testcase><testcase classname="tests.scenarios.test_boot_hygiene" name="test_dynamic_merchant_rebuild" time="0.249"><skipped type="pytest.skip" message="no degraded mode support detected">/opt/tollgate-test/tests/scenarios/test_boot_hygiene.py:43: no degraded mode support detected</skipped></testcase><testcase classname="tests.scenarios.test_boot_hygiene" name="test_wallet_preserved_through_degraded_cycle" time="0.237"><skipped type="pytest.skip" message="no degraded mode support detected">/opt/tollgate-test/tests/scenarios/test_boot_hygiene.py:43: no degraded mode support detected</skipped></testcase><testcase classname="tests.scenarios.test_upstream_wifi" name="test_upstream_scan" time="0.236"><skipped type="pytest.skip" message="tollgate upstream list returned failure with no message">/opt/tollgate-test/tests/scenarios/test_upstream_wifi.py:28: tollgate upstream list returned failure with no message</skipped></testcase><testcase classname="tests.scenarios.test_upstream_wifi" name="test_upstream_list" time="0.231"><skipped type="pytest.skip" message="tollgate upstream list returned failure with no message">/opt/tollgate-test/tests/scenarios/test_upstream_wifi.py:28: tollgate upstream list returned failure with no message</skipped></testcase><testcase classname="tests.scenarios.test_upstream_wifi" name="test_connect_to_unknown_ssid_fails" time="0.238"><skipped type="pytest.skip" message="tollgate upstream list returned failure with no message">/opt/tollgate-test/tests/scenarios/test_upstream_wifi.py:28: tollgate upstream list returned failure with no message</skipped></testcase><testcase classname="tests.scenarios.test_upstream_wifi" name="test_remove_unknown_ssid_fails" time="0.234"><skipped type="pytest.skip" message="tollgate upstream list returned failure with no message">/opt/tollgate-test/tests/scenarios/test_upstream_wifi.py:28: tollgate upstream list returned failure with no message</skipped></testcase><testcase classname="tests.scenarios.test_upstream_wifi" name="test_existing_cli_commands_work" time="0.266" /><testcase classname="tests.scenarios.test_upstream_wifi" name="test_upstream_status_check" time="0.243" /><testcase classname="tests.scenarios.test_upstream_wifi" name="test_reseller_mode_guard" time="0.242"><skipped type="pytest.skip" message="tollgate upstream list returned failure with no message">/opt/tollgate-test/tests/scenarios/test_upstream_wifi.py:28: tollgate upstream list returned failure with no message</skipped></testcase><testcase classname="tests.scenarios.test_upstream_wifi" name="test_no_dual_wwan" time="0.241"><skipped type="pytest.skip" message="tollgate upstream list returned failure with no message">/opt/tollgate-test/tests/scenarios/test_upstream_wifi.py:28: tollgate upstream list returned failure with no message</skipped></testcase><testcase classname="tests.scenarios.test_upstream_wifi" name="test_sta_health" time="0.262"><skipped type="pytest.skip" message="tollgate upstream list returned failure with no message">/opt/tollgate-test/tests/scenarios/test_upstream_wifi.py:28: tollgate upstream list returned failure with no message</skipped></testcase></testsuite></testsuites>